BusWatch/admin/build/intermediates/manifest_merge_blame_file/release/processReleaseManifest/manifest-merger-blame-release-report.txt
1<?xml version="1.0" encoding="utf-8"?>
2<manifest xmlns:android="http://schemas.android.com/apk/res/android"
3    package="com.example.buswatch.admin" >
4
5    <uses-sdk android:minSdkVersion="24" />
6
7    <uses-permission android:name="android.permission.INTERNET" />
7-->src/main/AndroidManifest.xml:4:5-67
7-->src/main/AndroidManifest.xml:4:22-64
8    <uses-permission android:name="android.permission.ACCESS_FINE_LOCATION" />
8-->src/main/AndroidManifest.xml:5:5-79
8-->src/main/AndroidManifest.xml:5:22-76
9    <uses-permission android:name="android.permission.ACCESS_COARSE_LOCATION" />
9-->src/main/AndroidManifest.xml:6:5-81
9-->src/main/AndroidManifest.xml:6:22-78
10
11    <application
11-->src/main/AndroidManifest.xml:8:5-15:19
12        android:allowBackup="true"
12-->src/main/AndroidManifest.xml:9:9-35
13        android:supportsRtl="true" >
13-->src/main/AndroidManifest.xml:10:9-35
14        <activity
14-->src/main/AndroidManifest.xml:11:9-13:39
15            android:name="com.example.buswatch.admin.MainActivity"
15-->src/main/AndroidManifest.xml:12:13-41
16            android:exported="true" />
16-->src/main/AndroidManifest.xml:13:13-36
17        <activity
17-->src/main/AndroidManifest.xml:14:9-72
18            android:name="com.example.buswatch.admin.AdminHome"
18-->src/main/AndroidManifest.xml:14:19-44
19            android:exported="false" />
19-->src/main/AndroidManifest.xml:14:45-69
20    </application>
21
22</manifest>